d:\универ\курсовой\kov-2019\kov-2019v5\kov-2019v5\debug\vc141.pdb
d:\универ\курсовой\kov-2019\kov-2019v5\kov-2019v5\debug\kov-2019.obj
d:\универ\курсовой\kov-2019\kov-2019v5\kov-2019v5\debug\mfst.obj
d:\универ\курсовой\kov-2019\kov-2019v5\kov-2019v5\debug\polishnotation.obj
d:\универ\курсовой\kov-2019\kov-2019v5\kov-2019v5\debug\vc141.idb
d:\универ\курсовой\kov-2019\kov-2019v5\kov-2019v5\debug\semanalize.obj
d:\универ\курсовой\kov-2019\kov-2019v5\kov-2019v5\debug\pch.obj
d:\универ\курсовой\kov-2019\kov-2019v5\kov-2019v5\debug\parm.obj
d:\универ\курсовой\kov-2019\kov-2019v5\kov-2019v5\debug\lt.obj
d:\универ\курсовой\kov-2019\kov-2019v5\kov-2019v5\debug\log.obj
d:\универ\курсовой\kov-2019\kov-2019v5\kov-2019v5\debug\lexanalize.obj
d:\универ\курсовой\kov-2019\kov-2019v5\kov-2019v5\debug\it.obj
d:\универ\курсовой\kov-2019\kov-2019v5\kov-2019v5\debug\in.obj
d:\универ\курсовой\kov-2019\kov-2019v5\kov-2019v5\debug\greibach.obj
d:\универ\курсовой\kov-2019\kov-2019v5\kov-2019v5\debug\generation.obj
d:\универ\курсовой\kov-2019\kov-2019v5\kov-2019v5\debug\fst.obj
d:\универ\курсовой\kov-2019\kov-2019v5\kov-2019v5\debug\error.obj
d:\универ\курсовой\выаап\kov-2019v5\kov-2019v5\debug\vc141.pdb
d:\универ\курсовой\выаап\kov-2019v5\kov-2019v5\debug\vc141.idb
d:\универ\курсовой\выаап\kov-2019v5\kov-2019v5\debug\semanalize.obj
d:\универ\курсовой\выаап\kov-2019v5\kov-2019v5\debug\polishnotation.obj
d:\универ\курсовой\выаап\kov-2019v5\kov-2019v5\debug\pch.obj
d:\универ\курсовой\выаап\kov-2019v5\kov-2019v5\debug\parm.obj
d:\универ\курсовой\выаап\kov-2019v5\kov-2019v5\debug\mfst.obj
d:\универ\курсовой\выаап\kov-2019v5\kov-2019v5\debug\lt.obj
d:\универ\курсовой\выаап\kov-2019v5\kov-2019v5\debug\log.obj
d:\универ\курсовой\выаап\kov-2019v5\kov-2019v5\debug\lexanalize.obj
d:\универ\курсовой\выаап\kov-2019v5\kov-2019v5\debug\kov-2019.obj
d:\универ\курсовой\выаап\kov-2019v5\kov-2019v5\debug\it.obj
d:\универ\курсовой\выаап\kov-2019v5\kov-2019v5\debug\in.obj
d:\универ\курсовой\выаап\kov-2019v5\kov-2019v5\debug\greibach.obj
d:\универ\курсовой\выаап\kov-2019v5\kov-2019v5\debug\generation.obj
d:\универ\курсовой\выаап\kov-2019v5\kov-2019v5\debug\fst.obj
d:\универ\курсовой\выаап\kov-2019v5\kov-2019v5\debug\error.obj
d:\универ\курсовой\kov-2019\kov-2019v5\debug\kov-2019v5.exe
d:\универ\курсовой\kov-2019\kov-2019v5\debug\kov-2019v5.ilk
d:\универ\курсовой\kov-2019\kov-2019v5\debug\kov-2019v5.pdb
d:\универ\курсовой\выаап\kov-2019v5\debug\kov-2019v5.exe
d:\универ\курсовой\выаап\kov-2019v5\debug\kov-2019v5.ilk
d:\универ\курсовой\выаап\kov-2019v5\debug\kov-2019v5.pdb
d:\универ\курсовой\выаап\kov-2019v5\kov-2019v5\debug\kov-2019v5.tlog\cl.command.1.tlog
d:\универ\курсовой\выаап\kov-2019v5\kov-2019v5\debug\kov-2019v5.tlog\cl.read.1.tlog
d:\универ\курсовой\выаап\kov-2019v5\kov-2019v5\debug\kov-2019v5.tlog\cl.write.1.tlog
d:\универ\курсовой\выаап\kov-2019v5\kov-2019v5\debug\kov-2019v5.tlog\link.command.1.tlog
d:\универ\курсовой\выаап\kov-2019v5\kov-2019v5\debug\kov-2019v5.tlog\link.read.1.tlog
d:\универ\курсовой\выаап\kov-2019v5\kov-2019v5\debug\kov-2019v5.tlog\link.write.1.tlog
