---- Протокол --------------------------------------------------------29.12.2019 20:41:16

---- Параметры --------------------------------------------------------------------------
-log: D:\универ\курсовой\выаап\KOV-2019v5\Debug\code.txt.log
-out: Out.asm
-in:  D:\универ\курсовой\выаап\KOV-2019v5\Debug\code.txt

---- Исходные данные --------------------------------------------------------------------
Количество символов: 465
Проигнорировано    : 0
Количество строк   : 28

~~~~~~~~~~~~~~~~~~~~~~~~~~~~~~~ Таблица идентификаторов ~~~~~~~~~~~~~~~~~~~~~~~~~~~~~~~~~
-----------------------------------------------------------------------------------------
№ | Идентификатор | Тип данных | Тип идентификатора | Индекс в ТЛ | Значение/Параметры
-----------------------------------------------------------------------------------------
0 | math          | integer    | функция            | 2           | 1:integer 2:integer 
1 | mathone       | integer    | параметр           | 5           | -
2 | mathtwo       | integer    | параметр           | 8           | -
3 | mathr         | string     | переменная         | 13          | [0]""
4 | L1            | string     | литерал            | 15          | [5]"Hello"
5 | mathsr        | integer    | переменная         | 19          | 0                 
6 | strlen        | integer    | библ. функция      | 21          | 1:string 
7 | mathresult    | integer    | переменная         | 28          | 0                 
8 | gol           | integer    | переменная         | 59          | 0                 
9 | L2            | integer    | литерал            | 61          | 0                 
10 | gos           | integer    | переменная         | 65          | 0                 
11 | gof           | integer    | переменная         | 71          | 0                 
12 | L3            | integer    | литерал            | 75          | 2                 
13 | golen         | string     | переменная         | 82          | [0]""
14 | L4            | string     | литерал            | 84          | [16]"my first kursach"
15 | gocmp         | string     | переменная         | 88          | [0]""
16 | L5            | string     | литерал            | 90          | [16]"my First kursach"
17 | gox           | integer    | переменная         | 94          | 0                 
18 | L6            | integer    | литерал            | 96          | 36                
19 | gorc          | bool       | переменная         | 100         | 0                 
20 | Strcmp        | bool       | библ. функция      | 102         | 1:string 2:string 
21 | L7            | integer    | литерал            | 113         | 28                
22 | L8            | string     | литерал            | 118         | [5]"Works"
23 | L9            | string     | литерал            | 128         | [9]"Not works"
-----------------------------------------------------------------------------------------

~~~~~~~~~~~~~~~~~~~~~~~~~~~~~~~ Таблица лексем ~~~~~~~~~~~~~~~~~~~~~~~~~~~~~~~~~~~~~~~~~~
fti[ti&ti]
2 {
3 vti=l.
4 vti=~[i].
5 vti.
6 i=(isi)sisi.
7 o[i].n.
8 r[i].
9 }
11 g
12 {
13 vti=l.
14 vti=l.
15 vti=i[l&l].
16 vti=l.
17 vti=l.
19 vti=l.
20 vti=^[i&i].
21 c[ibl]
22 {
23 o[l].n.
24 }
25 u
26 {
27 o[l].n.
28 }
29 }

------------------------- ТРАССИРОВКА СИНТАКСИЧЕСКОГО АНАЛИЗА ---------------------------
-----------------------------------------------------------------------------------------
 Шаг | Правило                   | Входная лента                  | Стек                
-----------------------------------------------------------------------------------------
0000 | S->ftiFBS                 | fti[ti&ti]{vti=l.vti=~[i]      | S$                  
0000 | SAVESTATE: 0001           |                                |
0000 |                           | fti[ti&ti]{vti=l.vti=~[i]      | ftiFBS$             
0001 |                           | ti[ti&ti]{vti=l.vti=~[i].      | tiFBS$              
0002 |                           | i[ti&ti]{vti=l.vti=~[i].v      | iFBS$               
0003 |                           | [ti&ti]{vti=l.vti=~[i].vt      | FBS$                
0004 | F->[P]                    | [ti&ti]{vti=l.vti=~[i].vt      | FBS$                
0004 | SAVESTATE: 0002           |                                |
0004 |                           | [ti&ti]{vti=l.vti=~[i].vt      | [P]BS$              
0005 |                           | ti&ti]{vti=l.vti=~[i].vti      | P]BS$               
0006 | P->ti                     | ti&ti]{vti=l.vti=~[i].vti      | P]BS$               
0006 | SAVESTATE: 0003           |                                |
0006 |                           | ti&ti]{vti=l.vti=~[i].vti      | ti]BS$              
0007 |                           | i&ti]{vti=l.vti=~[i].vti.      | i]BS$               
0008 |                           | &ti]{vti=l.vti=~[i].vti.i      | ]BS$                
0009 | TS_NOK/NS_NORULECHAIN     |                                |
0009 | RESSTATE                  |                                |
0009 |                           | ti&ti]{vti=l.vti=~[i].vti      | P]BS$               
0010 | P->ti&P                   | ti&ti]{vti=l.vti=~[i].vti      | P]BS$               
0010 | SAVESTATE: 0003           |                                |
0010 |                           | ti&ti]{vti=l.vti=~[i].vti      | ti&P]BS$            
0011 |                           | i&ti]{vti=l.vti=~[i].vti.      | i&P]BS$             
0012 |                           | &ti]{vti=l.vti=~[i].vti.i      | &P]BS$              
0013 |                           | ti]{vti=l.vti=~[i].vti.i=      | P]BS$               
0014 | P->ti                     | ti]{vti=l.vti=~[i].vti.i=      | P]BS$               
0014 | SAVESTATE: 0004           |                                |
0014 |                           | ti]{vti=l.vti=~[i].vti.i=      | ti]BS$              
0015 |                           | i]{vti=l.vti=~[i].vti.i=(      | i]BS$               
0016 |                           | ]{vti=l.vti=~[i].vti.i=(i      | ]BS$                
0017 |                           | {vti=l.vti=~[i].vti.i=(is      | BS$                 
0018 | B->{Nr[I].}               | {vti=l.vti=~[i].vti.i=(is      | BS$                 
0018 | SAVESTATE: 0005           |                                |
0018 |                           | {vti=l.vti=~[i].vti.i=(is      | {Nr[I].}S$          
0019 |                           | vti=l.vti=~[i].vti.i=(isi      | Nr[I].}S$           
0020 | N->vti.N                  | vti=l.vti=~[i].vti.i=(isi      | Nr[I].}S$           
0020 | SAVESTATE: 0006           |                                |
0020 |                           | vti=l.vti=~[i].vti.i=(isi      | vti.Nr[I].}S$       
0021 |                           | ti=l.vti=~[i].vti.i=(isi)      | ti.Nr[I].}S$        
0022 |                           | i=l.vti=~[i].vti.i=(isi)s      | i.Nr[I].}S$         
0023 |                           | =l.vti=~[i].vti.i=(isi)si      | .Nr[I].}S$          
0024 | TS_NOK/NS_NORULECHAIN     |                                |
0024 | RESSTATE                  |                                |
0024 |                           | vti=l.vti=~[i].vti.i=(isi      | Nr[I].}S$           
0025 | N->vti=E.N                | vti=l.vti=~[i].vti.i=(isi      | Nr[I].}S$           
0025 | SAVESTATE: 0006           |                                |
0025 |                           | vti=l.vti=~[i].vti.i=(isi      | vti=E.Nr[I].}S$     
0026 |                           | ti=l.vti=~[i].vti.i=(isi)      | ti=E.Nr[I].}S$      
0027 |                           | i=l.vti=~[i].vti.i=(isi)s      | i=E.Nr[I].}S$       
0028 |                           | =l.vti=~[i].vti.i=(isi)si      | =E.Nr[I].}S$        
0029 |                           | l.vti=~[i].vti.i=(isi)sis      | E.Nr[I].}S$         
0030 | E->l                      | l.vti=~[i].vti.i=(isi)sis      | E.Nr[I].}S$         
0030 | SAVESTATE: 0007           |                                |
0030 |                           | l.vti=~[i].vti.i=(isi)sis      | l.Nr[I].}S$         
0031 |                           | .vti=~[i].vti.i=(isi)sisi      | .Nr[I].}S$          
0032 |                           | vti=~[i].vti.i=(isi)sisi.      | Nr[I].}S$           
0033 | N->vti.N                  | vti=~[i].vti.i=(isi)sisi.      | Nr[I].}S$           
0033 | SAVESTATE: 0008           |                                |
0033 |                           | vti=~[i].vti.i=(isi)sisi.      | vti.Nr[I].}S$       
0034 |                           | ti=~[i].vti.i=(isi)sisi.o      | ti.Nr[I].}S$        
0035 |                           | i=~[i].vti.i=(isi)sisi.o[      | i.Nr[I].}S$         
0036 |                           | =~[i].vti.i=(isi)sisi.o[i      | .Nr[I].}S$          
0037 | TS_NOK/NS_NORULECHAIN     |                                |
0037 | RESSTATE                  |                                |
0037 |                           | vti=~[i].vti.i=(isi)sisi.      | Nr[I].}S$           
0038 | N->vti=E.N                | vti=~[i].vti.i=(isi)sisi.      | Nr[I].}S$           
0038 | SAVESTATE: 0008           |                                |
0038 |                           | vti=~[i].vti.i=(isi)sisi.      | vti=E.Nr[I].}S$     
0039 |                           | ti=~[i].vti.i=(isi)sisi.o      | ti=E.Nr[I].}S$      
0040 |                           | i=~[i].vti.i=(isi)sisi.o[      | i=E.Nr[I].}S$       
0041 |                           | =~[i].vti.i=(isi)sisi.o[i      | =E.Nr[I].}S$        
0042 |                           | ~[i].vti.i=(isi)sisi.o[i]      | E.Nr[I].}S$         
0043 | E->~K                     | ~[i].vti.i=(isi)sisi.o[i]      | E.Nr[I].}S$         
0043 | SAVESTATE: 0009           |                                |
0043 |                           | ~[i].vti.i=(isi)sisi.o[i]      | ~K.Nr[I].}S$        
0044 |                           | [i].vti.i=(isi)sisi.o[i].      | K.Nr[I].}S$         
0045 | K->[W]                    | [i].vti.i=(isi)sisi.o[i].      | K.Nr[I].}S$         
0045 | SAVESTATE: 0010           |                                |
0045 |                           | [i].vti.i=(isi)sisi.o[i].      | [W].Nr[I].}S$       
0046 |                           | i].vti.i=(isi)sisi.o[i].n      | W].Nr[I].}S$        
0047 | W->i                      | i].vti.i=(isi)sisi.o[i].n      | W].Nr[I].}S$        
0047 | SAVESTATE: 0011           |                                |
0047 |                           | i].vti.i=(isi)sisi.o[i].n      | i].Nr[I].}S$        
0048 |                           | ].vti.i=(isi)sisi.o[i].n.      | ].Nr[I].}S$         
0049 |                           | .vti.i=(isi)sisi.o[i].n.r      | .Nr[I].}S$          
0050 |                           | vti.i=(isi)sisi.o[i].n.r[      | Nr[I].}S$           
0051 | N->vti.N                  | vti.i=(isi)sisi.o[i].n.r[      | Nr[I].}S$           
0051 | SAVESTATE: 0012           |                                |
0051 |                           | vti.i=(isi)sisi.o[i].n.r[      | vti.Nr[I].}S$       
0052 |                           | ti.i=(isi)sisi.o[i].n.r[i      | ti.Nr[I].}S$        
0053 |                           | i.i=(isi)sisi.o[i].n.r[i]      | i.Nr[I].}S$         
0054 |                           | .i=(isi)sisi.o[i].n.r[i].      | .Nr[I].}S$          
0055 |                           | i=(isi)sisi.o[i].n.r[i].}      | Nr[I].}S$           
0056 | N->i=E.N                  | i=(isi)sisi.o[i].n.r[i].}      | Nr[I].}S$           
0056 | SAVESTATE: 0013           |                                |
0056 |                           | i=(isi)sisi.o[i].n.r[i].}      | i=E.Nr[I].}S$       
0057 |                           | =(isi)sisi.o[i].n.r[i].}g      | =E.Nr[I].}S$        
0058 |                           | (isi)sisi.o[i].n.r[i].}g{      | E.Nr[I].}S$         
0059 | E->(E)                    | (isi)sisi.o[i].n.r[i].}g{      | E.Nr[I].}S$         
0059 | SAVESTATE: 0014           |                                |
0059 |                           | (isi)sisi.o[i].n.r[i].}g{      | (E).Nr[I].}S$       
0060 |                           | isi)sisi.o[i].n.r[i].}g{v      | E).Nr[I].}S$        
0061 | E->i                      | isi)sisi.o[i].n.r[i].}g{v      | E).Nr[I].}S$        
0061 | SAVESTATE: 0015           |                                |
0061 |                           | isi)sisi.o[i].n.r[i].}g{v      | i).Nr[I].}S$        
0062 |                           | si)sisi.o[i].n.r[i].}g{vt      | ).Nr[I].}S$         
0063 | TS_NOK/NS_NORULECHAIN     |                                |
0063 | RESSTATE                  |                                |
0063 |                           | isi)sisi.o[i].n.r[i].}g{v      | E).Nr[I].}S$        
0064 | E->iK                     | isi)sisi.o[i].n.r[i].}g{v      | E).Nr[I].}S$        
0064 | SAVESTATE: 0015           |                                |
0064 |                           | isi)sisi.o[i].n.r[i].}g{v      | iK).Nr[I].}S$       
0065 |                           | si)sisi.o[i].n.r[i].}g{vt      | K).Nr[I].}S$        
0066 | TNS_NORULECHAIN/NS_NORULE |                                |
0066 | RESSTATE                  |                                |
0066 |                           | isi)sisi.o[i].n.r[i].}g{v      | E).Nr[I].}S$        
0067 | E->iM                     | isi)sisi.o[i].n.r[i].}g{v      | E).Nr[I].}S$        
0067 | SAVESTATE: 0015           |                                |
0067 |                           | isi)sisi.o[i].n.r[i].}g{v      | iM).Nr[I].}S$       
0068 |                           | si)sisi.o[i].n.r[i].}g{vt      | M).Nr[I].}S$        
0069 | M->sE                     | si)sisi.o[i].n.r[i].}g{vt      | M).Nr[I].}S$        
0069 | SAVESTATE: 0016           |                                |
0069 |                           | si)sisi.o[i].n.r[i].}g{vt      | sE).Nr[I].}S$       
0070 |                           | i)sisi.o[i].n.r[i].}g{vti      | E).Nr[I].}S$        
0071 | E->i                      | i)sisi.o[i].n.r[i].}g{vti      | E).Nr[I].}S$        
0071 | SAVESTATE: 0017           |                                |
0071 |                           | i)sisi.o[i].n.r[i].}g{vti      | i).Nr[I].}S$        
0072 |                           | )sisi.o[i].n.r[i].}g{vti=      | ).Nr[I].}S$         
0073 |                           | sisi.o[i].n.r[i].}g{vti=l      | .Nr[I].}S$          
0074 | TS_NOK/NS_NORULECHAIN     |                                |
0074 | RESSTATE                  |                                |
0074 |                           | i)sisi.o[i].n.r[i].}g{vti      | E).Nr[I].}S$        
0075 | E->iK                     | i)sisi.o[i].n.r[i].}g{vti      | E).Nr[I].}S$        
0075 | SAVESTATE: 0017           |                                |
0075 |                           | i)sisi.o[i].n.r[i].}g{vti      | iK).Nr[I].}S$       
0076 |                           | )sisi.o[i].n.r[i].}g{vti=      | K).Nr[I].}S$        
0077 | TNS_NORULECHAIN/NS_NORULE |                                |
0077 | RESSTATE                  |                                |
0077 |                           | i)sisi.o[i].n.r[i].}g{vti      | E).Nr[I].}S$        
0078 | E->iM                     | i)sisi.o[i].n.r[i].}g{vti      | E).Nr[I].}S$        
0078 | SAVESTATE: 0017           |                                |
0078 |                           | i)sisi.o[i].n.r[i].}g{vti      | iM).Nr[I].}S$       
0079 |                           | )sisi.o[i].n.r[i].}g{vti=      | M).Nr[I].}S$        
0080 | TNS_NORULECHAIN/NS_NORULE |                                |
0080 | RESSTATE                  |                                |
0080 |                           | i)sisi.o[i].n.r[i].}g{vti      | E).Nr[I].}S$        
0081 | E->iKM                    | i)sisi.o[i].n.r[i].}g{vti      | E).Nr[I].}S$        
0081 | SAVESTATE: 0017           |                                |
0081 |                           | i)sisi.o[i].n.r[i].}g{vti      | iKM).Nr[I].}S$      
0082 |                           | )sisi.o[i].n.r[i].}g{vti=      | KM).Nr[I].}S$       
0083 | TNS_NORULECHAIN/NS_NORULE |                                |
0083 | RESSTATE                  |                                |
0083 |                           | i)sisi.o[i].n.r[i].}g{vti      | E).Nr[I].}S$        
0084 | TNS_NORULECHAIN/NS_NORULE |                                |
0084 | RESSTATE                  |                                |
0084 |                           | si)sisi.o[i].n.r[i].}g{vt      | M).Nr[I].}S$        
0085 | M->sEM                    | si)sisi.o[i].n.r[i].}g{vt      | M).Nr[I].}S$        
0085 | SAVESTATE: 0016           |                                |
0085 |                           | si)sisi.o[i].n.r[i].}g{vt      | sEM).Nr[I].}S$      
0086 |                           | i)sisi.o[i].n.r[i].}g{vti      | EM).Nr[I].}S$       
0087 | E->i                      | i)sisi.o[i].n.r[i].}g{vti      | EM).Nr[I].}S$       
0087 | SAVESTATE: 0017           |                                |
0087 |                           | i)sisi.o[i].n.r[i].}g{vti      | iM).Nr[I].}S$       
0088 |                           | )sisi.o[i].n.r[i].}g{vti=      | M).Nr[I].}S$        
0089 | TNS_NORULECHAIN/NS_NORULE |                                |
0089 | RESSTATE                  |                                |
0089 |                           | i)sisi.o[i].n.r[i].}g{vti      | EM).Nr[I].}S$       
0090 | E->iK                     | i)sisi.o[i].n.r[i].}g{vti      | EM).Nr[I].}S$       
0090 | SAVESTATE: 0017           |                                |
0090 |                           | i)sisi.o[i].n.r[i].}g{vti      | iKM).Nr[I].}S$      
0091 |                           | )sisi.o[i].n.r[i].}g{vti=      | KM).Nr[I].}S$       
0092 | TNS_NORULECHAIN/NS_NORULE |                                |
0092 | RESSTATE                  |                                |
0092 |                           | i)sisi.o[i].n.r[i].}g{vti      | EM).Nr[I].}S$       
0093 | E->iM                     | i)sisi.o[i].n.r[i].}g{vti      | EM).Nr[I].}S$       
0093 | SAVESTATE: 0017           |                                |
0093 |                           | i)sisi.o[i].n.r[i].}g{vti      | iMM).Nr[I].}S$      
0094 |                           | )sisi.o[i].n.r[i].}g{vti=      | MM).Nr[I].}S$       
0095 | TNS_NORULECHAIN/NS_NORULE |                                |
0095 | RESSTATE                  |                                |
0095 |                           | i)sisi.o[i].n.r[i].}g{vti      | EM).Nr[I].}S$       
0096 | E->iKM                    | i)sisi.o[i].n.r[i].}g{vti      | EM).Nr[I].}S$       
0096 | SAVESTATE: 0017           |                                |
0096 |                           | i)sisi.o[i].n.r[i].}g{vti      | iKMM).Nr[I].}S$     
0097 |                           | )sisi.o[i].n.r[i].}g{vti=      | KMM).Nr[I].}S$      
0098 | TNS_NORULECHAIN/NS_NORULE |                                |
0098 | RESSTATE                  |                                |
0098 |                           | i)sisi.o[i].n.r[i].}g{vti      | EM).Nr[I].}S$       
0099 | TNS_NORULECHAIN/NS_NORULE |                                |
0099 | RESSTATE                  |                                |
0099 |                           | si)sisi.o[i].n.r[i].}g{vt      | M).Nr[I].}S$        
0100 | TNS_NORULECHAIN/NS_NORULE |                                |
0100 | RESSTATE                  |                                |
0100 |                           | isi)sisi.o[i].n.r[i].}g{v      | E).Nr[I].}S$        
0101 | E->iKM                    | isi)sisi.o[i].n.r[i].}g{v      | E).Nr[I].}S$        
0101 | SAVESTATE: 0015           |                                |
0101 |                           | isi)sisi.o[i].n.r[i].}g{v      | iKM).Nr[I].}S$      
0102 |                           | si)sisi.o[i].n.r[i].}g{vt      | KM).Nr[I].}S$       
0103 | TNS_NORULECHAIN/NS_NORULE |                                |
0103 | RESSTATE                  |                                |
0103 |                           | isi)sisi.o[i].n.r[i].}g{v      | E).Nr[I].}S$        
0104 | TNS_NORULECHAIN/NS_NORULE |                                |
0104 | RESSTATE                  |                                |
0104 |                           | (isi)sisi.o[i].n.r[i].}g{      | E.Nr[I].}S$         
0105 | E->(E)M                   | (isi)sisi.o[i].n.r[i].}g{      | E.Nr[I].}S$         
0105 | SAVESTATE: 0014           |                                |
0105 |                           | (isi)sisi.o[i].n.r[i].}g{      | (E)M.Nr[I].}S$      
0106 |                           | isi)sisi.o[i].n.r[i].}g{v      | E)M.Nr[I].}S$       
0107 | E->i                      | isi)sisi.o[i].n.r[i].}g{v      | E)M.Nr[I].}S$       
0107 | SAVESTATE: 0015           |                                |
0107 |                           | isi)sisi.o[i].n.r[i].}g{v      | i)M.Nr[I].}S$       
0108 |                           | si)sisi.o[i].n.r[i].}g{vt      | )M.Nr[I].}S$        
0109 | TS_NOK/NS_NORULECHAIN     |                                |
0109 | RESSTATE                  |                                |
0109 |                           | isi)sisi.o[i].n.r[i].}g{v      | E)M.Nr[I].}S$       
0110 | E->iK                     | isi)sisi.o[i].n.r[i].}g{v      | E)M.Nr[I].}S$       
0110 | SAVESTATE: 0015           |                                |
0110 |                           | isi)sisi.o[i].n.r[i].}g{v      | iK)M.Nr[I].}S$      
0111 |                           | si)sisi.o[i].n.r[i].}g{vt      | K)M.Nr[I].}S$       
0112 | TNS_NORULECHAIN/NS_NORULE |                                |
0112 | RESSTATE                  |                                |
0112 |                           | isi)sisi.o[i].n.r[i].}g{v      | E)M.Nr[I].}S$       
0113 | E->iM                     | isi)sisi.o[i].n.r[i].}g{v      | E)M.Nr[I].}S$       
0113 | SAVESTATE: 0015           |                                |
0113 |                           | isi)sisi.o[i].n.r[i].}g{v      | iM)M.Nr[I].}S$      
0114 |                           | si)sisi.o[i].n.r[i].}g{vt      | M)M.Nr[I].}S$       
0115 | M->sE                     | si)sisi.o[i].n.r[i].}g{vt      | M)M.Nr[I].}S$       
0115 | SAVESTATE: 0016           |                                |
0115 |                           | si)sisi.o[i].n.r[i].}g{vt      | sE)M.Nr[I].}S$      
0116 |                           | i)sisi.o[i].n.r[i].}g{vti      | E)M.Nr[I].}S$       
0117 | E->i                      | i)sisi.o[i].n.r[i].}g{vti      | E)M.Nr[I].}S$       
0117 | SAVESTATE: 0017           |                                |
0117 |                           | i)sisi.o[i].n.r[i].}g{vti      | i)M.Nr[I].}S$       
0118 |                           | )sisi.o[i].n.r[i].}g{vti=      | )M.Nr[I].}S$        
0119 |                           | sisi.o[i].n.r[i].}g{vti=l      | M.Nr[I].}S$         
0120 | M->sE                     | sisi.o[i].n.r[i].}g{vti=l      | M.Nr[I].}S$         
0120 | SAVESTATE: 0018           |                                |
0120 |                           | sisi.o[i].n.r[i].}g{vti=l      | sE.Nr[I].}S$        
0121 |                           | isi.o[i].n.r[i].}g{vti=l.      | E.Nr[I].}S$         
0122 | E->i                      | isi.o[i].n.r[i].}g{vti=l.      | E.Nr[I].}S$         
0122 | SAVESTATE: 0019           |                                |
0122 |                           | isi.o[i].n.r[i].}g{vti=l.      | i.Nr[I].}S$         
0123 |                           | si.o[i].n.r[i].}g{vti=l.v      | .Nr[I].}S$          
0124 | TS_NOK/NS_NORULECHAIN     |                                |
0124 | RESSTATE                  |                                |
0124 |                           | isi.o[i].n.r[i].}g{vti=l.      | E.Nr[I].}S$         
0125 | E->iK                     | isi.o[i].n.r[i].}g{vti=l.      | E.Nr[I].}S$         
0125 | SAVESTATE: 0019           |                                |
0125 |                           | isi.o[i].n.r[i].}g{vti=l.      | iK.Nr[I].}S$        
0126 |                           | si.o[i].n.r[i].}g{vti=l.v      | K.Nr[I].}S$         
0127 | TNS_NORULECHAIN/NS_NORULE |                                |
0127 | RESSTATE                  |                                |
0127 |                           | isi.o[i].n.r[i].}g{vti=l.      | E.Nr[I].}S$         
0128 | E->iM                     | isi.o[i].n.r[i].}g{vti=l.      | E.Nr[I].}S$         
0128 | SAVESTATE: 0019           |                                |
0128 |                           | isi.o[i].n.r[i].}g{vti=l.      | iM.Nr[I].}S$        
0129 |                           | si.o[i].n.r[i].}g{vti=l.v      | M.Nr[I].}S$         
0130 | M->sE                     | si.o[i].n.r[i].}g{vti=l.v      | M.Nr[I].}S$         
0130 | SAVESTATE: 0020           |                                |
0130 |                           | si.o[i].n.r[i].}g{vti=l.v      | sE.Nr[I].}S$        
0131 |                           | i.o[i].n.r[i].}g{vti=l.vt      | E.Nr[I].}S$         
0132 | E->i                      | i.o[i].n.r[i].}g{vti=l.vt      | E.Nr[I].}S$         
0132 | SAVESTATE: 0021           |                                |
0132 |                           | i.o[i].n.r[i].}g{vti=l.vt      | i.Nr[I].}S$         
0133 |                           | .o[i].n.r[i].}g{vti=l.vti      | .Nr[I].}S$          
0134 |                           | o[i].n.r[i].}g{vti=l.vti=      | Nr[I].}S$           
0135 | N->o[I].N                 | o[i].n.r[i].}g{vti=l.vti=      | Nr[I].}S$           
0135 | SAVESTATE: 0022           |                                |
0135 |                           | o[i].n.r[i].}g{vti=l.vti=      | o[I].Nr[I].}S$      
0136 |                           | [i].n.r[i].}g{vti=l.vti=l      | [I].Nr[I].}S$       
0137 |                           | i].n.r[i].}g{vti=l.vti=l.      | I].Nr[I].}S$        
0138 | I->i                      | i].n.r[i].}g{vti=l.vti=l.      | I].Nr[I].}S$        
0138 | SAVESTATE: 0023           |                                |
0138 |                           | i].n.r[i].}g{vti=l.vti=l.      | i].Nr[I].}S$        
0139 |                           | ].n.r[i].}g{vti=l.vti=l.v      | ].Nr[I].}S$         
0140 |                           | .n.r[i].}g{vti=l.vti=l.vt      | .Nr[I].}S$          
0141 |                           | n.r[i].}g{vti=l.vti=l.vti      | Nr[I].}S$           
0142 | N->n.N                    | n.r[i].}g{vti=l.vti=l.vti      | Nr[I].}S$           
0142 | SAVESTATE: 0024           |                                |
0142 |                           | n.r[i].}g{vti=l.vti=l.vti      | n.Nr[I].}S$         
0143 |                           | .r[i].}g{vti=l.vti=l.vti=      | .Nr[I].}S$          
0144 |                           | r[i].}g{vti=l.vti=l.vti=i      | Nr[I].}S$           
0145 | TNS_NORULECHAIN/NS_NORULE |                                |
0145 | RESSTATE                  |                                |
0145 |                           | n.r[i].}g{vti=l.vti=l.vti      | Nr[I].}S$           
0146 | N->n.                     | n.r[i].}g{vti=l.vti=l.vti      | Nr[I].}S$           
0146 | SAVESTATE: 0024           |                                |
0146 |                           | n.r[i].}g{vti=l.vti=l.vti      | n.r[I].}S$          
0147 |                           | .r[i].}g{vti=l.vti=l.vti=      | .r[I].}S$           
0148 |                           | r[i].}g{vti=l.vti=l.vti=i      | r[I].}S$            
0149 |                           | [i].}g{vti=l.vti=l.vti=i[      | [I].}S$             
0150 |                           | i].}g{vti=l.vti=l.vti=i[l      | I].}S$              
0151 | I->i                      | i].}g{vti=l.vti=l.vti=i[l      | I].}S$              
0151 | SAVESTATE: 0025           |                                |
0151 |                           | i].}g{vti=l.vti=l.vti=i[l      | i].}S$              
0152 |                           | ].}g{vti=l.vti=l.vti=i[l&      | ].}S$               
0153 |                           | .}g{vti=l.vti=l.vti=i[l&l      | .}S$                
0154 |                           | }g{vti=l.vti=l.vti=i[l&l]      | }S$                 
0155 |                           | g{vti=l.vti=l.vti=i[l&l].      | S$                  
0156 | S->g{N}                   | g{vti=l.vti=l.vti=i[l&l].      | S$                  
0156 | SAVESTATE: 0026           |                                |
0156 |                           | g{vti=l.vti=l.vti=i[l&l].      | g{N}$               
0157 |                           | {vti=l.vti=l.vti=i[l&l].v      | {N}$                
0158 |                           | vti=l.vti=l.vti=i[l&l].vt      | N}$                 
0159 | N->vti.N                  | vti=l.vti=l.vti=i[l&l].vt      | N}$                 
0159 | SAVESTATE: 0027           |                                |
0159 |                           | vti=l.vti=l.vti=i[l&l].vt      | vti.N}$             
0160 |                           | ti=l.vti=l.vti=i[l&l].vti      | ti.N}$              
0161 |                           | i=l.vti=l.vti=i[l&l].vti=      | i.N}$               
0162 |                           | =l.vti=l.vti=i[l&l].vti=l      | .N}$                
0163 | TS_NOK/NS_NORULECHAIN     |                                |
0163 | RESSTATE                  |                                |
0163 |                           | vti=l.vti=l.vti=i[l&l].vt      | N}$                 
0164 | N->vti=E.N                | vti=l.vti=l.vti=i[l&l].vt      | N}$                 
0164 | SAVESTATE: 0027           |                                |
0164 |                           | vti=l.vti=l.vti=i[l&l].vt      | vti=E.N}$           
0165 |                           | ti=l.vti=l.vti=i[l&l].vti      | ti=E.N}$            
0166 |                           | i=l.vti=l.vti=i[l&l].vti=      | i=E.N}$             
0167 |                           | =l.vti=l.vti=i[l&l].vti=l      | =E.N}$              
0168 |                           | l.vti=l.vti=i[l&l].vti=l.      | E.N}$               
0169 | E->l                      | l.vti=l.vti=i[l&l].vti=l.      | E.N}$               
0169 | SAVESTATE: 0028           |                                |
0169 |                           | l.vti=l.vti=i[l&l].vti=l.      | l.N}$               
0170 |                           | .vti=l.vti=i[l&l].vti=l.v      | .N}$                
0171 |                           | vti=l.vti=i[l&l].vti=l.vt      | N}$                 
0172 | N->vti.N                  | vti=l.vti=i[l&l].vti=l.vt      | N}$                 
0172 | SAVESTATE: 0029           |                                |
0172 |                           | vti=l.vti=i[l&l].vti=l.vt      | vti.N}$             
0173 |                           | ti=l.vti=i[l&l].vti=l.vti      | ti.N}$              
0174 |                           | i=l.vti=i[l&l].vti=l.vti=      | i.N}$               
0175 |                           | =l.vti=i[l&l].vti=l.vti=l      | .N}$                
0176 | TS_NOK/NS_NORULECHAIN     |                                |
0176 | RESSTATE                  |                                |
0176 |                           | vti=l.vti=i[l&l].vti=l.vt      | N}$                 
0177 | N->vti=E.N                | vti=l.vti=i[l&l].vti=l.vt      | N}$                 
0177 | SAVESTATE: 0029           |                                |
0177 |                           | vti=l.vti=i[l&l].vti=l.vt      | vti=E.N}$           
0178 |                           | ti=l.vti=i[l&l].vti=l.vti      | ti=E.N}$            
0179 |                           | i=l.vti=i[l&l].vti=l.vti=      | i=E.N}$             
0180 |                           | =l.vti=i[l&l].vti=l.vti=l      | =E.N}$              
0181 |                           | l.vti=i[l&l].vti=l.vti=l.      | E.N}$               
0182 | E->l                      | l.vti=i[l&l].vti=l.vti=l.      | E.N}$               
0182 | SAVESTATE: 0030           |                                |
0182 |                           | l.vti=i[l&l].vti=l.vti=l.      | l.N}$               
0183 |                           | .vti=i[l&l].vti=l.vti=l.v      | .N}$                
0184 |                           | vti=i[l&l].vti=l.vti=l.vt      | N}$                 
0185 | N->vti.N                  | vti=i[l&l].vti=l.vti=l.vt      | N}$                 
0185 | SAVESTATE: 0031           |                                |
0185 |                           | vti=i[l&l].vti=l.vti=l.vt      | vti.N}$             
0186 |                           | ti=i[l&l].vti=l.vti=l.vti      | ti.N}$              
0187 |                           | i=i[l&l].vti=l.vti=l.vti=      | i.N}$               
0188 |                           | =i[l&l].vti=l.vti=l.vti=l      | .N}$                
0189 | TS_NOK/NS_NORULECHAIN     |                                |
0189 | RESSTATE                  |                                |
0189 |                           | vti=i[l&l].vti=l.vti=l.vt      | N}$                 
0190 | N->vti=E.N                | vti=i[l&l].vti=l.vti=l.vt      | N}$                 
0190 | SAVESTATE: 0031           |                                |
0190 |                           | vti=i[l&l].vti=l.vti=l.vt      | vti=E.N}$           
0191 |                           | ti=i[l&l].vti=l.vti=l.vti      | ti=E.N}$            
0192 |                           | i=i[l&l].vti=l.vti=l.vti=      | i=E.N}$             
0193 |                           | =i[l&l].vti=l.vti=l.vti=l      | =E.N}$              
0194 |                           | i[l&l].vti=l.vti=l.vti=l.      | E.N}$               
0195 | E->i                      | i[l&l].vti=l.vti=l.vti=l.      | E.N}$               
0195 | SAVESTATE: 0032           |                                |
0195 |                           | i[l&l].vti=l.vti=l.vti=l.      | i.N}$               
0196 |                           | [l&l].vti=l.vti=l.vti=l.v      | .N}$                
0197 | TS_NOK/NS_NORULECHAIN     |                                |
0197 | RESSTATE                  |                                |
0197 |                           | i[l&l].vti=l.vti=l.vti=l.      | E.N}$               
0198 | E->iK                     | i[l&l].vti=l.vti=l.vti=l.      | E.N}$               
0198 | SAVESTATE: 0032           |                                |
0198 |                           | i[l&l].vti=l.vti=l.vti=l.      | iK.N}$              
0199 |                           | [l&l].vti=l.vti=l.vti=l.v      | K.N}$               
0200 | K->[W]                    | [l&l].vti=l.vti=l.vti=l.v      | K.N}$               
0200 | SAVESTATE: 0033           |                                |
0200 |                           | [l&l].vti=l.vti=l.vti=l.v      | [W].N}$             
0201 |                           | l&l].vti=l.vti=l.vti=l.vt      | W].N}$              
0202 | W->l                      | l&l].vti=l.vti=l.vti=l.vt      | W].N}$              
0202 | SAVESTATE: 0034           |                                |
0202 |                           | l&l].vti=l.vti=l.vti=l.vt      | l].N}$              
0203 |                           | &l].vti=l.vti=l.vti=l.vti      | ].N}$               
0204 | TS_NOK/NS_NORULECHAIN     |                                |
0204 | RESSTATE                  |                                |
0204 |                           | l&l].vti=l.vti=l.vti=l.vt      | W].N}$              
0205 | W->l&W                    | l&l].vti=l.vti=l.vti=l.vt      | W].N}$              
0205 | SAVESTATE: 0034           |                                |
0205 |                           | l&l].vti=l.vti=l.vti=l.vt      | l&W].N}$            
0206 |                           | &l].vti=l.vti=l.vti=l.vti      | &W].N}$             
0207 |                           | l].vti=l.vti=l.vti=l.vti=      | W].N}$              
0208 | W->l                      | l].vti=l.vti=l.vti=l.vti=      | W].N}$              
0208 | SAVESTATE: 0035           |                                |
0208 |                           | l].vti=l.vti=l.vti=l.vti=      | l].N}$              
0209 |                           | ].vti=l.vti=l.vti=l.vti=^      | ].N}$               
0210 |                           | .vti=l.vti=l.vti=l.vti=^[      | .N}$                
0211 |                           | vti=l.vti=l.vti=l.vti=^[i      | N}$                 
0212 | N->vti.N                  | vti=l.vti=l.vti=l.vti=^[i      | N}$                 
0212 | SAVESTATE: 0036           |                                |
0212 |                           | vti=l.vti=l.vti=l.vti=^[i      | vti.N}$             
0213 |                           | ti=l.vti=l.vti=l.vti=^[i&      | ti.N}$              
0214 |                           | i=l.vti=l.vti=l.vti=^[i&i      | i.N}$               
0215 |                           | =l.vti=l.vti=l.vti=^[i&i]      | .N}$                
0216 | TS_NOK/NS_NORULECHAIN     |                                |
0216 | RESSTATE                  |                                |
0216 |                           | vti=l.vti=l.vti=l.vti=^[i      | N}$                 
0217 | N->vti=E.N                | vti=l.vti=l.vti=l.vti=^[i      | N}$                 
0217 | SAVESTATE: 0036           |                                |
0217 |                           | vti=l.vti=l.vti=l.vti=^[i      | vti=E.N}$           
0218 |                           | ti=l.vti=l.vti=l.vti=^[i&      | ti=E.N}$            
0219 |                           | i=l.vti=l.vti=l.vti=^[i&i      | i=E.N}$             
0220 |                           | =l.vti=l.vti=l.vti=^[i&i]      | =E.N}$              
0221 |                           | l.vti=l.vti=l.vti=^[i&i].      | E.N}$               
0222 | E->l                      | l.vti=l.vti=l.vti=^[i&i].      | E.N}$               
0222 | SAVESTATE: 0037           |                                |
0222 |                           | l.vti=l.vti=l.vti=^[i&i].      | l.N}$               
0223 |                           | .vti=l.vti=l.vti=^[i&i].c      | .N}$                
0224 |                           | vti=l.vti=l.vti=^[i&i].c[      | N}$                 
0225 | N->vti.N                  | vti=l.vti=l.vti=^[i&i].c[      | N}$                 
0225 | SAVESTATE: 0038           |                                |
0225 |                           | vti=l.vti=l.vti=^[i&i].c[      | vti.N}$             
0226 |                           | ti=l.vti=l.vti=^[i&i].c[i      | ti.N}$              
0227 |                           | i=l.vti=l.vti=^[i&i].c[ib      | i.N}$               
0228 |                           | =l.vti=l.vti=^[i&i].c[ibl      | .N}$                
0229 | TS_NOK/NS_NORULECHAIN     |                                |
0229 | RESSTATE                  |                                |
0229 |                           | vti=l.vti=l.vti=^[i&i].c[      | N}$                 
0230 | N->vti=E.N                | vti=l.vti=l.vti=^[i&i].c[      | N}$                 
0230 | SAVESTATE: 0038           |                                |
0230 |                           | vti=l.vti=l.vti=^[i&i].c[      | vti=E.N}$           
0231 |                           | ti=l.vti=l.vti=^[i&i].c[i      | ti=E.N}$            
0232 |                           | i=l.vti=l.vti=^[i&i].c[ib      | i=E.N}$             
0233 |                           | =l.vti=l.vti=^[i&i].c[ibl      | =E.N}$              
0234 |                           | l.vti=l.vti=^[i&i].c[ibl]      | E.N}$               
0235 | E->l                      | l.vti=l.vti=^[i&i].c[ibl]      | E.N}$               
0235 | SAVESTATE: 0039           |                                |
0235 |                           | l.vti=l.vti=^[i&i].c[ibl]      | l.N}$               
0236 |                           | .vti=l.vti=^[i&i].c[ibl]{      | .N}$                
0237 |                           | vti=l.vti=^[i&i].c[ibl]{o      | N}$                 
0238 | N->vti.N                  | vti=l.vti=^[i&i].c[ibl]{o      | N}$                 
0238 | SAVESTATE: 0040           |                                |
0238 |                           | vti=l.vti=^[i&i].c[ibl]{o      | vti.N}$             
0239 |                           | ti=l.vti=^[i&i].c[ibl]{o[      | ti.N}$              
0240 |                           | i=l.vti=^[i&i].c[ibl]{o[l      | i.N}$               
0241 |                           | =l.vti=^[i&i].c[ibl]{o[l]      | .N}$                
0242 | TS_NOK/NS_NORULECHAIN     |                                |
0242 | RESSTATE                  |                                |
0242 |                           | vti=l.vti=^[i&i].c[ibl]{o      | N}$                 
0243 | N->vti=E.N                | vti=l.vti=^[i&i].c[ibl]{o      | N}$                 
0243 | SAVESTATE: 0040           |                                |
0243 |                           | vti=l.vti=^[i&i].c[ibl]{o      | vti=E.N}$           
0244 |                           | ti=l.vti=^[i&i].c[ibl]{o[      | ti=E.N}$            
0245 |                           | i=l.vti=^[i&i].c[ibl]{o[l      | i=E.N}$             
0246 |                           | =l.vti=^[i&i].c[ibl]{o[l]      | =E.N}$              
0247 |                           | l.vti=^[i&i].c[ibl]{o[l].      | E.N}$               
0248 | E->l                      | l.vti=^[i&i].c[ibl]{o[l].      | E.N}$               
0248 | SAVESTATE: 0041           |                                |
0248 |                           | l.vti=^[i&i].c[ibl]{o[l].      | l.N}$               
0249 |                           | .vti=^[i&i].c[ibl]{o[l].n      | .N}$                
0250 |                           | vti=^[i&i].c[ibl]{o[l].n.      | N}$                 
0251 | N->vti.N                  | vti=^[i&i].c[ibl]{o[l].n.      | N}$                 
0251 | SAVESTATE: 0042           |                                |
0251 |                           | vti=^[i&i].c[ibl]{o[l].n.      | vti.N}$             
0252 |                           | ti=^[i&i].c[ibl]{o[l].n.}      | ti.N}$              
0253 |                           | i=^[i&i].c[ibl]{o[l].n.}u      | i.N}$               
0254 |                           | =^[i&i].c[ibl]{o[l].n.}u{      | .N}$                
0255 | TS_NOK/NS_NORULECHAIN     |                                |
0255 | RESSTATE                  |                                |
0255 |                           | vti=^[i&i].c[ibl]{o[l].n.      | N}$                 
0256 | N->vti=E.N                | vti=^[i&i].c[ibl]{o[l].n.      | N}$                 
0256 | SAVESTATE: 0042           |                                |
0256 |                           | vti=^[i&i].c[ibl]{o[l].n.      | vti=E.N}$           
0257 |                           | ti=^[i&i].c[ibl]{o[l].n.}      | ti=E.N}$            
0258 |                           | i=^[i&i].c[ibl]{o[l].n.}u      | i=E.N}$             
0259 |                           | =^[i&i].c[ibl]{o[l].n.}u{      | =E.N}$              
0260 |                           | ^[i&i].c[ibl]{o[l].n.}u{o      | E.N}$               
0261 | E->^K                     | ^[i&i].c[ibl]{o[l].n.}u{o      | E.N}$               
0261 | SAVESTATE: 0043           |                                |
0261 |                           | ^[i&i].c[ibl]{o[l].n.}u{o      | ^K.N}$              
0262 |                           | [i&i].c[ibl]{o[l].n.}u{o[      | K.N}$               
0263 | K->[W]                    | [i&i].c[ibl]{o[l].n.}u{o[      | K.N}$               
0263 | SAVESTATE: 0044           |                                |
0263 |                           | [i&i].c[ibl]{o[l].n.}u{o[      | [W].N}$             
0264 |                           | i&i].c[ibl]{o[l].n.}u{o[l      | W].N}$              
0265 | W->i                      | i&i].c[ibl]{o[l].n.}u{o[l      | W].N}$              
0265 | SAVESTATE: 0045           |                                |
0265 |                           | i&i].c[ibl]{o[l].n.}u{o[l      | i].N}$              
0266 |                           | &i].c[ibl]{o[l].n.}u{o[l]      | ].N}$               
0267 | TS_NOK/NS_NORULECHAIN     |                                |
0267 | RESSTATE                  |                                |
0267 |                           | i&i].c[ibl]{o[l].n.}u{o[l      | W].N}$              
0268 | W->i&W                    | i&i].c[ibl]{o[l].n.}u{o[l      | W].N}$              
0268 | SAVESTATE: 0045           |                                |
0268 |                           | i&i].c[ibl]{o[l].n.}u{o[l      | i&W].N}$            
0269 |                           | &i].c[ibl]{o[l].n.}u{o[l]      | &W].N}$             
0270 |                           | i].c[ibl]{o[l].n.}u{o[l].      | W].N}$              
0271 | W->i                      | i].c[ibl]{o[l].n.}u{o[l].      | W].N}$              
0271 | SAVESTATE: 0046           |                                |
0271 |                           | i].c[ibl]{o[l].n.}u{o[l].      | i].N}$              
0272 |                           | ].c[ibl]{o[l].n.}u{o[l].n      | ].N}$               
0273 |                           | .c[ibl]{o[l].n.}u{o[l].n.      | .N}$                
0274 |                           | c[ibl]{o[l].n.}u{o[l].n.}      | N}$                 
0275 | N->c[R]{X}N               | c[ibl]{o[l].n.}u{o[l].n.}      | N}$                 
0275 | SAVESTATE: 0047           |                                |
0275 |                           | c[ibl]{o[l].n.}u{o[l].n.}      | c[R]{X}N}$          
0276 |                           | [ibl]{o[l].n.}u{o[l].n.}}      | [R]{X}N}$           
0277 |                           | ibl]{o[l].n.}u{o[l].n.}}       | R]{X}N}$            
0278 | R->i                      | ibl]{o[l].n.}u{o[l].n.}}       | R]{X}N}$            
0278 | SAVESTATE: 0048           |                                |
0278 |                           | ibl]{o[l].n.}u{o[l].n.}}       | i]{X}N}$            
0279 |                           | bl]{o[l].n.}u{o[l].n.}}        | ]{X}N}$             
0280 | TS_NOK/NS_NORULECHAIN     |                                |
0280 | RESSTATE                  |                                |
0280 |                           | ibl]{o[l].n.}u{o[l].n.}}       | R]{X}N}$            
0281 | R->ibi                    | ibl]{o[l].n.}u{o[l].n.}}       | R]{X}N}$            
0281 | SAVESTATE: 0048           |                                |
0281 |                           | ibl]{o[l].n.}u{o[l].n.}}       | ibi]{X}N}$          
0282 |                           | bl]{o[l].n.}u{o[l].n.}}        | bi]{X}N}$           
0283 |                           | l]{o[l].n.}u{o[l].n.}}         | i]{X}N}$            
0284 | TS_NOK/NS_NORULECHAIN     |                                |
0284 | RESSTATE                  |                                |
0284 |                           | ibl]{o[l].n.}u{o[l].n.}}       | R]{X}N}$            
0285 | R->ibl                    | ibl]{o[l].n.}u{o[l].n.}}       | R]{X}N}$            
0285 | SAVESTATE: 0048           |                                |
0285 |                           | ibl]{o[l].n.}u{o[l].n.}}       | ibl]{X}N}$          
0286 |                           | bl]{o[l].n.}u{o[l].n.}}        | bl]{X}N}$           
0287 |                           | l]{o[l].n.}u{o[l].n.}}         | l]{X}N}$            
0288 |                           | ]{o[l].n.}u{o[l].n.}}          | ]{X}N}$             
0289 |                           | {o[l].n.}u{o[l].n.}}           | {X}N}$              
0290 |                           | o[l].n.}u{o[l].n.}}            | X}N}$               
0291 | X->o[I].N                 | o[l].n.}u{o[l].n.}}            | X}N}$               
0291 | SAVESTATE: 0049           |                                |
0291 |                           | o[l].n.}u{o[l].n.}}            | o[I].N}N}$          
0292 |                           | [l].n.}u{o[l].n.}}             | [I].N}N}$           
0293 |                           | l].n.}u{o[l].n.}}              | I].N}N}$            
0294 | I->l                      | l].n.}u{o[l].n.}}              | I].N}N}$            
0294 | SAVESTATE: 0050           |                                |
0294 |                           | l].n.}u{o[l].n.}}              | l].N}N}$            
0295 |                           | ].n.}u{o[l].n.}}               | ].N}N}$             
0296 |                           | .n.}u{o[l].n.}}                | .N}N}$              
0297 |                           | n.}u{o[l].n.}}                 | N}N}$               
0298 | N->n.N                    | n.}u{o[l].n.}}                 | N}N}$               
0298 | SAVESTATE: 0051           |                                |
0298 |                           | n.}u{o[l].n.}}                 | n.N}N}$             
0299 |                           | .}u{o[l].n.}}                  | .N}N}$              
0300 |                           | }u{o[l].n.}}                   | N}N}$               
0301 | TNS_NORULECHAIN/NS_NORULE |                                |
0301 | RESSTATE                  |                                |
0301 |                           | n.}u{o[l].n.}}                 | N}N}$               
0302 | N->n.                     | n.}u{o[l].n.}}                 | N}N}$               
0302 | SAVESTATE: 0051           |                                |
0302 |                           | n.}u{o[l].n.}}                 | n.}N}$              
0303 |                           | .}u{o[l].n.}}                  | .}N}$               
0304 |                           | }u{o[l].n.}}                   | }N}$                
0305 |                           | u{o[l].n.}}                    | N}$                 
0306 | TNS_NORULECHAIN/NS_NORULE |                                |
0306 | RESSTATE                  |                                |
0306 |                           | n.}u{o[l].n.}}                 | N}N}$               
0307 | TNS_NORULECHAIN/NS_NORULE |                                |
0307 | RESSTATE                  |                                |
0307 |                           | l].n.}u{o[l].n.}}              | I].N}N}$            
0308 | TNS_NORULECHAIN/NS_NORULE |                                |
0308 | RESSTATE                  |                                |
0308 |                           | o[l].n.}u{o[l].n.}}            | X}N}$               
0309 | X->oK.                    | o[l].n.}u{o[l].n.}}            | X}N}$               
0309 | SAVESTATE: 0049           |                                |
0309 |                           | o[l].n.}u{o[l].n.}}            | oK.}N}$             
0310 |                           | [l].n.}u{o[l].n.}}             | K.}N}$              
0311 | K->[W]                    | [l].n.}u{o[l].n.}}             | K.}N}$              
0311 | SAVESTATE: 0050           |                                |
0311 |                           | [l].n.}u{o[l].n.}}             | [W].}N}$            
0312 |                           | l].n.}u{o[l].n.}}              | W].}N}$             
0313 | W->l                      | l].n.}u{o[l].n.}}              | W].}N}$             
0313 | SAVESTATE: 0051           |                                |
0313 |                           | l].n.}u{o[l].n.}}              | l].}N}$             
0314 |                           | ].n.}u{o[l].n.}}               | ].}N}$              
0315 |                           | .n.}u{o[l].n.}}                | .}N}$               
0316 |                           | n.}u{o[l].n.}}                 | }N}$                
0317 | TS_NOK/NS_NORULECHAIN     |                                |
0317 | RESSTATE                  |                                |
0317 |                           | l].n.}u{o[l].n.}}              | W].}N}$             
0318 | W->l&W                    | l].n.}u{o[l].n.}}              | W].}N}$             
0318 | SAVESTATE: 0051           |                                |
0318 |                           | l].n.}u{o[l].n.}}              | l&W].}N}$           
0319 |                           | ].n.}u{o[l].n.}}               | &W].}N}$            
0320 | TS_NOK/NS_NORULECHAIN     |                                |
0320 | RESSTATE                  |                                |
0320 |                           | l].n.}u{o[l].n.}}              | W].}N}$             
0321 | TNS_NORULECHAIN/NS_NORULE |                                |
0321 | RESSTATE                  |                                |
0321 |                           | [l].n.}u{o[l].n.}}             | K.}N}$              
0322 | K->[]                     | [l].n.}u{o[l].n.}}             | K.}N}$              
0322 | SAVESTATE: 0050           |                                |
0322 |                           | [l].n.}u{o[l].n.}}             | [].}N}$             
0323 |                           | l].n.}u{o[l].n.}}              | ].}N}$              
0324 | TS_NOK/NS_NORULECHAIN     |                                |
0324 | RESSTATE                  |                                |
0324 |                           | [l].n.}u{o[l].n.}}             | K.}N}$              
0325 | TNS_NORULECHAIN/NS_NORULE |                                |
0325 | RESSTATE                  |                                |
0325 |                           | o[l].n.}u{o[l].n.}}            | X}N}$               
0326 | TNS_NORULECHAIN/NS_NORULE |                                |
0326 | RESSTATE                  |                                |
0326 |                           | ibl]{o[l].n.}u{o[l].n.}}       | R]{X}N}$            
0327 | TNS_NORULECHAIN/NS_NORULE |                                |
0327 | RESSTATE                  |                                |
0327 |                           | c[ibl]{o[l].n.}u{o[l].n.}      | N}$                 
0328 | N->c[R]{X}u{X}N           | c[ibl]{o[l].n.}u{o[l].n.}      | N}$                 
0328 | SAVESTATE: 0047           |                                |
0328 |                           | c[ibl]{o[l].n.}u{o[l].n.}      | c[R]{X}u{X}N}$      
0329 |                           | [ibl]{o[l].n.}u{o[l].n.}}      | [R]{X}u{X}N}$       
0330 |                           | ibl]{o[l].n.}u{o[l].n.}}       | R]{X}u{X}N}$        
0331 | R->i                      | ibl]{o[l].n.}u{o[l].n.}}       | R]{X}u{X}N}$        
0331 | SAVESTATE: 0048           |                                |
0331 |                           | ibl]{o[l].n.}u{o[l].n.}}       | i]{X}u{X}N}$        
0332 |                           | bl]{o[l].n.}u{o[l].n.}}        | ]{X}u{X}N}$         
0333 | TS_NOK/NS_NORULECHAIN     |                                |
0333 | RESSTATE                  |                                |
0333 |                           | ibl]{o[l].n.}u{o[l].n.}}       | R]{X}u{X}N}$        
0334 | R->ibi                    | ibl]{o[l].n.}u{o[l].n.}}       | R]{X}u{X}N}$        
0334 | SAVESTATE: 0048           |                                |
0334 |                           | ibl]{o[l].n.}u{o[l].n.}}       | ibi]{X}u{X}N}$      
0335 |                           | bl]{o[l].n.}u{o[l].n.}}        | bi]{X}u{X}N}$       
0336 |                           | l]{o[l].n.}u{o[l].n.}}         | i]{X}u{X}N}$        
0337 | TS_NOK/NS_NORULECHAIN     |                                |
0337 | RESSTATE                  |                                |
0337 |                           | ibl]{o[l].n.}u{o[l].n.}}       | R]{X}u{X}N}$        
0338 | R->ibl                    | ibl]{o[l].n.}u{o[l].n.}}       | R]{X}u{X}N}$        
0338 | SAVESTATE: 0048           |                                |
0338 |                           | ibl]{o[l].n.}u{o[l].n.}}       | ibl]{X}u{X}N}$      
0339 |                           | bl]{o[l].n.}u{o[l].n.}}        | bl]{X}u{X}N}$       
0340 |                           | l]{o[l].n.}u{o[l].n.}}         | l]{X}u{X}N}$        
0341 |                           | ]{o[l].n.}u{o[l].n.}}          | ]{X}u{X}N}$         
0342 |                           | {o[l].n.}u{o[l].n.}}           | {X}u{X}N}$          
0343 |                           | o[l].n.}u{o[l].n.}}            | X}u{X}N}$           
0344 | X->o[I].N                 | o[l].n.}u{o[l].n.}}            | X}u{X}N}$           
0344 | SAVESTATE: 0049           |                                |
0344 |                           | o[l].n.}u{o[l].n.}}            | o[I].N}u{X}N}$      
0345 |                           | [l].n.}u{o[l].n.}}             | [I].N}u{X}N}$       
0346 |                           | l].n.}u{o[l].n.}}              | I].N}u{X}N}$        
0347 | I->l                      | l].n.}u{o[l].n.}}              | I].N}u{X}N}$        
0347 | SAVESTATE: 0050           |                                |
0347 |                           | l].n.}u{o[l].n.}}              | l].N}u{X}N}$        
0348 |                           | ].n.}u{o[l].n.}}               | ].N}u{X}N}$         
0349 |                           | .n.}u{o[l].n.}}                | .N}u{X}N}$          
0350 |                           | n.}u{o[l].n.}}                 | N}u{X}N}$           
0351 | N->n.N                    | n.}u{o[l].n.}}                 | N}u{X}N}$           
0351 | SAVESTATE: 0051           |                                |
0351 |                           | n.}u{o[l].n.}}                 | n.N}u{X}N}$         
0352 |                           | .}u{o[l].n.}}                  | .N}u{X}N}$          
0353 |                           | }u{o[l].n.}}                   | N}u{X}N}$           
0354 | TNS_NORULECHAIN/NS_NORULE |                                |
0354 | RESSTATE                  |                                |
0354 |                           | n.}u{o[l].n.}}                 | N}u{X}N}$           
0355 | N->n.                     | n.}u{o[l].n.}}                 | N}u{X}N}$           
0355 | SAVESTATE: 0051           |                                |
0355 |                           | n.}u{o[l].n.}}                 | n.}u{X}N}$          
0356 |                           | .}u{o[l].n.}}                  | .}u{X}N}$           
0357 |                           | }u{o[l].n.}}                   | }u{X}N}$            
0358 |                           | u{o[l].n.}}                    | u{X}N}$             
0359 |                           | {o[l].n.}}                     | {X}N}$              
0360 |                           | o[l].n.}}                      | X}N}$               
0361 | X->o[I].N                 | o[l].n.}}                      | X}N}$               
0361 | SAVESTATE: 0052           |                                |
0361 |                           | o[l].n.}}                      | o[I].N}N}$          
0362 |                           | [l].n.}}                       | [I].N}N}$           
0363 |                           | l].n.}}                        | I].N}N}$            
0364 | I->l                      | l].n.}}                        | I].N}N}$            
0364 | SAVESTATE: 0053           |                                |
0364 |                           | l].n.}}                        | l].N}N}$            
0365 |                           | ].n.}}                         | ].N}N}$             
0366 |                           | .n.}}                          | .N}N}$              
0367 |                           | n.}}                           | N}N}$               
0368 | N->n.N                    | n.}}                           | N}N}$               
0368 | SAVESTATE: 0054           |                                |
0368 |                           | n.}}                           | n.N}N}$             
0369 |                           | .}}                            | .N}N}$              
0370 |                           | }}                             | N}N}$               
0371 | TNS_NORULECHAIN/NS_NORULE |                                |
0371 | RESSTATE                  |                                |
0371 |                           | n.}}                           | N}N}$               
0372 | N->n.                     | n.}}                           | N}N}$               
0372 | SAVESTATE: 0054           |                                |
0372 |                           | n.}}                           | n.}N}$              
0373 |                           | .}}                            | .}N}$               
0374 |                           | }}                             | }N}$                
0375 |                           | }                              | N}$                 
0376 | TNS_NORULECHAIN/NS_NORULE |                                |
0376 | RESSTATE                  |                                |
0376 |                           | n.}}                           | N}N}$               
0377 | TNS_NORULECHAIN/NS_NORULE |                                |
0377 | RESSTATE                  |                                |
0377 |                           | l].n.}}                        | I].N}N}$            
0378 | TNS_NORULECHAIN/NS_NORULE |                                |
0378 | RESSTATE                  |                                |
0378 |                           | o[l].n.}}                      | X}N}$               
0379 | X->oK.                    | o[l].n.}}                      | X}N}$               
0379 | SAVESTATE: 0052           |                                |
0379 |                           | o[l].n.}}                      | oK.}N}$             
0380 |                           | [l].n.}}                       | K.}N}$              
0381 | K->[W]                    | [l].n.}}                       | K.}N}$              
0381 | SAVESTATE: 0053           |                                |
0381 |                           | [l].n.}}                       | [W].}N}$            
0382 |                           | l].n.}}                        | W].}N}$             
0383 | W->l                      | l].n.}}                        | W].}N}$             
0383 | SAVESTATE: 0054           |                                |
0383 |                           | l].n.}}                        | l].}N}$             
0384 |                           | ].n.}}                         | ].}N}$              
0385 |                           | .n.}}                          | .}N}$               
0386 |                           | n.}}                           | }N}$                
0387 | TS_NOK/NS_NORULECHAIN     |                                |
0387 | RESSTATE                  |                                |
0387 |                           | l].n.}}                        | W].}N}$             
0388 | W->l&W                    | l].n.}}                        | W].}N}$             
0388 | SAVESTATE: 0054           |                                |
0388 |                           | l].n.}}                        | l&W].}N}$           
0389 |                           | ].n.}}                         | &W].}N}$            
0390 | TS_NOK/NS_NORULECHAIN     |                                |
0390 | RESSTATE                  |                                |
0390 |                           | l].n.}}                        | W].}N}$             
0391 | TNS_NORULECHAIN/NS_NORULE |                                |
0391 | RESSTATE                  |                                |
0391 |                           | [l].n.}}                       | K.}N}$              
0392 | K->[]                     | [l].n.}}                       | K.}N}$              
0392 | SAVESTATE: 0053           |                                |
0392 |                           | [l].n.}}                       | [].}N}$             
0393 |                           | l].n.}}                        | ].}N}$              
0394 | TS_NOK/NS_NORULECHAIN     |                                |
0394 | RESSTATE                  |                                |
0394 |                           | [l].n.}}                       | K.}N}$              
0395 | TNS_NORULECHAIN/NS_NORULE |                                |
0395 | RESSTATE                  |                                |
0395 |                           | o[l].n.}}                      | X}N}$               
0396 | TNS_NORULECHAIN/NS_NORULE |                                |
0396 | RESSTATE                  |                                |
0396 |                           | n.}u{o[l].n.}}                 | N}u{X}N}$           
0397 | TNS_NORULECHAIN/NS_NORULE |                                |
0397 | RESSTATE                  |                                |
0397 |                           | l].n.}u{o[l].n.}}              | I].N}u{X}N}$        
0398 | TNS_NORULECHAIN/NS_NORULE |                                |
0398 | RESSTATE                  |                                |
0398 |                           | o[l].n.}u{o[l].n.}}            | X}u{X}N}$           
0399 | X->oK.                    | o[l].n.}u{o[l].n.}}            | X}u{X}N}$           
0399 | SAVESTATE: 0049           |                                |
0399 |                           | o[l].n.}u{o[l].n.}}            | oK.}u{X}N}$         
0400 |                           | [l].n.}u{o[l].n.}}             | K.}u{X}N}$          
0401 | K->[W]                    | [l].n.}u{o[l].n.}}             | K.}u{X}N}$          
0401 | SAVESTATE: 0050           |                                |
0401 |                           | [l].n.}u{o[l].n.}}             | [W].}u{X}N}$        
0402 |                           | l].n.}u{o[l].n.}}              | W].}u{X}N}$         
0403 | W->l                      | l].n.}u{o[l].n.}}              | W].}u{X}N}$         
0403 | SAVESTATE: 0051           |                                |
0403 |                           | l].n.}u{o[l].n.}}              | l].}u{X}N}$         
0404 |                           | ].n.}u{o[l].n.}}               | ].}u{X}N}$          
0405 |                           | .n.}u{o[l].n.}}                | .}u{X}N}$           
0406 |                           | n.}u{o[l].n.}}                 | }u{X}N}$            
0407 | TS_NOK/NS_NORULECHAIN     |                                |
0407 | RESSTATE                  |                                |
0407 |                           | l].n.}u{o[l].n.}}              | W].}u{X}N}$         
0408 | W->l&W                    | l].n.}u{o[l].n.}}              | W].}u{X}N}$         
0408 | SAVESTATE: 0051           |                                |
0408 |                           | l].n.}u{o[l].n.}}              | l&W].}u{X}N}$       
0409 |                           | ].n.}u{o[l].n.}}               | &W].}u{X}N}$        
0410 | TS_NOK/NS_NORULECHAIN     |                                |
0410 | RESSTATE                  |                                |
0410 |                           | l].n.}u{o[l].n.}}              | W].}u{X}N}$         
0411 | TNS_NORULECHAIN/NS_NORULE |                                |
0411 | RESSTATE                  |                                |
0411 |                           | [l].n.}u{o[l].n.}}             | K.}u{X}N}$          
0412 | K->[]                     | [l].n.}u{o[l].n.}}             | K.}u{X}N}$          
0412 | SAVESTATE: 0050           |                                |
0412 |                           | [l].n.}u{o[l].n.}}             | [].}u{X}N}$         
0413 |                           | l].n.}u{o[l].n.}}              | ].}u{X}N}$          
0414 | TS_NOK/NS_NORULECHAIN     |                                |
0414 | RESSTATE                  |                                |
0414 |                           | [l].n.}u{o[l].n.}}             | K.}u{X}N}$          
0415 | TNS_NORULECHAIN/NS_NORULE |                                |
0415 | RESSTATE                  |                                |
0415 |                           | o[l].n.}u{o[l].n.}}            | X}u{X}N}$           
0416 | TNS_NORULECHAIN/NS_NORULE |                                |
0416 | RESSTATE                  |                                |
0416 |                           | ibl]{o[l].n.}u{o[l].n.}}       | R]{X}u{X}N}$        
0417 | TNS_NORULECHAIN/NS_NORULE |                                |
0417 | RESSTATE                  |                                |
0417 |                           | c[ibl]{o[l].n.}u{o[l].n.}      | N}$                 
0418 | N->c[R]{X}                | c[ibl]{o[l].n.}u{o[l].n.}      | N}$                 
0418 | SAVESTATE: 0047           |                                |
0418 |                           | c[ibl]{o[l].n.}u{o[l].n.}      | c[R]{X}}$           
0419 |                           | [ibl]{o[l].n.}u{o[l].n.}}      | [R]{X}}$            
0420 |                           | ibl]{o[l].n.}u{o[l].n.}}       | R]{X}}$             
0421 | R->i                      | ibl]{o[l].n.}u{o[l].n.}}       | R]{X}}$             
0421 | SAVESTATE: 0048           |                                |
0421 |                           | ibl]{o[l].n.}u{o[l].n.}}       | i]{X}}$             
0422 |                           | bl]{o[l].n.}u{o[l].n.}}        | ]{X}}$              
0423 | TS_NOK/NS_NORULECHAIN     |                                |
0423 | RESSTATE                  |                                |
0423 |                           | ibl]{o[l].n.}u{o[l].n.}}       | R]{X}}$             
0424 | R->ibi                    | ibl]{o[l].n.}u{o[l].n.}}       | R]{X}}$             
0424 | SAVESTATE: 0048           |                                |
0424 |                           | ibl]{o[l].n.}u{o[l].n.}}       | ibi]{X}}$           
0425 |                           | bl]{o[l].n.}u{o[l].n.}}        | bi]{X}}$            
0426 |                           | l]{o[l].n.}u{o[l].n.}}         | i]{X}}$             
0427 | TS_NOK/NS_NORULECHAIN     |                                |
0427 | RESSTATE                  |                                |
0427 |                           | ibl]{o[l].n.}u{o[l].n.}}       | R]{X}}$             
0428 | R->ibl                    | ibl]{o[l].n.}u{o[l].n.}}       | R]{X}}$             
0428 | SAVESTATE: 0048           |                                |
0428 |                           | ibl]{o[l].n.}u{o[l].n.}}       | ibl]{X}}$           
0429 |                           | bl]{o[l].n.}u{o[l].n.}}        | bl]{X}}$            
0430 |                           | l]{o[l].n.}u{o[l].n.}}         | l]{X}}$             
0431 |                           | ]{o[l].n.}u{o[l].n.}}          | ]{X}}$              
0432 |                           | {o[l].n.}u{o[l].n.}}           | {X}}$               
0433 |                           | o[l].n.}u{o[l].n.}}            | X}}$                
0434 | X->o[I].N                 | o[l].n.}u{o[l].n.}}            | X}}$                
0434 | SAVESTATE: 0049           |                                |
0434 |                           | o[l].n.}u{o[l].n.}}            | o[I].N}}$           
0435 |                           | [l].n.}u{o[l].n.}}             | [I].N}}$            
0436 |                           | l].n.}u{o[l].n.}}              | I].N}}$             
0437 | I->l                      | l].n.}u{o[l].n.}}              | I].N}}$             
0437 | SAVESTATE: 0050           |                                |
0437 |                           | l].n.}u{o[l].n.}}              | l].N}}$             
0438 |                           | ].n.}u{o[l].n.}}               | ].N}}$              
0439 |                           | .n.}u{o[l].n.}}                | .N}}$               
0440 |                           | n.}u{o[l].n.}}                 | N}}$                
0441 | N->n.N                    | n.}u{o[l].n.}}                 | N}}$                
0441 | SAVESTATE: 0051           |                                |
0441 |                           | n.}u{o[l].n.}}                 | n.N}}$              
0442 |                           | .}u{o[l].n.}}                  | .N}}$               
0443 |                           | }u{o[l].n.}}                   | N}}$                
0444 | TNS_NORULECHAIN/NS_NORULE |                                |
0444 | RESSTATE                  |                                |
0444 |                           | n.}u{o[l].n.}}                 | N}}$                
0445 | N->n.                     | n.}u{o[l].n.}}                 | N}}$                
0445 | SAVESTATE: 0051           |                                |
0445 |                           | n.}u{o[l].n.}}                 | n.}}$               
0446 |                           | .}u{o[l].n.}}                  | .}}$                
0447 |                           | }u{o[l].n.}}                   | }}$                 
0448 |                           | u{o[l].n.}}                    | }$                  
0449 | TS_NOK/NS_NORULECHAIN     |                                |
0449 | RESSTATE                  |                                |
0449 |                           | n.}u{o[l].n.}}                 | N}}$                
0450 | TNS_NORULECHAIN/NS_NORULE |                                |
0450 | RESSTATE                  |                                |
0450 |                           | l].n.}u{o[l].n.}}              | I].N}}$             
0451 | TNS_NORULECHAIN/NS_NORULE |                                |
0451 | RESSTATE                  |                                |
0451 |                           | o[l].n.}u{o[l].n.}}            | X}}$                
0452 | X->oK.                    | o[l].n.}u{o[l].n.}}            | X}}$                
0452 | SAVESTATE: 0049           |                                |
0452 |                           | o[l].n.}u{o[l].n.}}            | oK.}}$              
0453 |                           | [l].n.}u{o[l].n.}}             | K.}}$               
0454 | K->[W]                    | [l].n.}u{o[l].n.}}             | K.}}$               
0454 | SAVESTATE: 0050           |                                |
0454 |                           | [l].n.}u{o[l].n.}}             | [W].}}$             
0455 |                           | l].n.}u{o[l].n.}}              | W].}}$              
0456 | W->l                      | l].n.}u{o[l].n.}}              | W].}}$              
0456 | SAVESTATE: 0051           |                                |
0456 |                           | l].n.}u{o[l].n.}}              | l].}}$              
0457 |                           | ].n.}u{o[l].n.}}               | ].}}$               
0458 |                           | .n.}u{o[l].n.}}                | .}}$                
0459 |                           | n.}u{o[l].n.}}                 | }}$                 
0460 | TS_NOK/NS_NORULECHAIN     |                                |
0460 | RESSTATE                  |                                |
0460 |                           | l].n.}u{o[l].n.}}              | W].}}$              
0461 | W->l&W                    | l].n.}u{o[l].n.}}              | W].}}$              
0461 | SAVESTATE: 0051           |                                |
0461 |                           | l].n.}u{o[l].n.}}              | l&W].}}$            
0462 |                           | ].n.}u{o[l].n.}}               | &W].}}$             
0463 | TS_NOK/NS_NORULECHAIN     |                                |
0463 | RESSTATE                  |                                |
0463 |                           | l].n.}u{o[l].n.}}              | W].}}$              
0464 | TNS_NORULECHAIN/NS_NORULE |                                |
0464 | RESSTATE                  |                                |
0464 |                           | [l].n.}u{o[l].n.}}             | K.}}$               
0465 | K->[]                     | [l].n.}u{o[l].n.}}             | K.}}$               
0465 | SAVESTATE: 0050           |                                |
0465 |                           | [l].n.}u{o[l].n.}}             | [].}}$              
0466 |                           | l].n.}u{o[l].n.}}              | ].}}$               
0467 | TS_NOK/NS_NORULECHAIN     |                                |
0467 | RESSTATE                  |                                |
0467 |                           | [l].n.}u{o[l].n.}}             | K.}}$               
0468 | TNS_NORULECHAIN/NS_NORULE |                                |
0468 | RESSTATE                  |                                |
0468 |                           | o[l].n.}u{o[l].n.}}            | X}}$                
0469 | TNS_NORULECHAIN/NS_NORULE |                                |
0469 | RESSTATE                  |                                |
0469 |                           | ibl]{o[l].n.}u{o[l].n.}}       | R]{X}}$             
0470 | TNS_NORULECHAIN/NS_NORULE |                                |
0470 | RESSTATE                  |                                |
0470 |                           | c[ibl]{o[l].n.}u{o[l].n.}      | N}$                 
0471 | N->c[R]{X}u{X}            | c[ibl]{o[l].n.}u{o[l].n.}      | N}$                 
0471 | SAVESTATE: 0047           |                                |
0471 |                           | c[ibl]{o[l].n.}u{o[l].n.}      | c[R]{X}u{X}}$       
0472 |                           | [ibl]{o[l].n.}u{o[l].n.}}      | [R]{X}u{X}}$        
0473 |                           | ibl]{o[l].n.}u{o[l].n.}}       | R]{X}u{X}}$         
0474 | R->i                      | ibl]{o[l].n.}u{o[l].n.}}       | R]{X}u{X}}$         
0474 | SAVESTATE: 0048           |                                |
0474 |                           | ibl]{o[l].n.}u{o[l].n.}}       | i]{X}u{X}}$         
0475 |                           | bl]{o[l].n.}u{o[l].n.}}        | ]{X}u{X}}$          
0476 | TS_NOK/NS_NORULECHAIN     |                                |
0476 | RESSTATE                  |                                |
0476 |                           | ibl]{o[l].n.}u{o[l].n.}}       | R]{X}u{X}}$         
0477 | R->ibi                    | ibl]{o[l].n.}u{o[l].n.}}       | R]{X}u{X}}$         
0477 | SAVESTATE: 0048           |                                |
0477 |                           | ibl]{o[l].n.}u{o[l].n.}}       | ibi]{X}u{X}}$       
0478 |                           | bl]{o[l].n.}u{o[l].n.}}        | bi]{X}u{X}}$        
0479 |                           | l]{o[l].n.}u{o[l].n.}}         | i]{X}u{X}}$         
0480 | TS_NOK/NS_NORULECHAIN     |                                |
0480 | RESSTATE                  |                                |
0480 |                           | ibl]{o[l].n.}u{o[l].n.}}       | R]{X}u{X}}$         
0481 | R->ibl                    | ibl]{o[l].n.}u{o[l].n.}}       | R]{X}u{X}}$         
0481 | SAVESTATE: 0048           |                                |
0481 |                           | ibl]{o[l].n.}u{o[l].n.}}       | ibl]{X}u{X}}$       
0482 |                           | bl]{o[l].n.}u{o[l].n.}}        | bl]{X}u{X}}$        
0483 |                           | l]{o[l].n.}u{o[l].n.}}         | l]{X}u{X}}$         
0484 |                           | ]{o[l].n.}u{o[l].n.}}          | ]{X}u{X}}$          
0485 |                           | {o[l].n.}u{o[l].n.}}           | {X}u{X}}$           
0486 |                           | o[l].n.}u{o[l].n.}}            | X}u{X}}$            
0487 | X->o[I].N                 | o[l].n.}u{o[l].n.}}            | X}u{X}}$            
0487 | SAVESTATE: 0049           |                                |
0487 |                           | o[l].n.}u{o[l].n.}}            | o[I].N}u{X}}$       
0488 |                           | [l].n.}u{o[l].n.}}             | [I].N}u{X}}$        
0489 |                           | l].n.}u{o[l].n.}}              | I].N}u{X}}$         
0490 | I->l                      | l].n.}u{o[l].n.}}              | I].N}u{X}}$         
0490 | SAVESTATE: 0050           |                                |
0490 |                           | l].n.}u{o[l].n.}}              | l].N}u{X}}$         
0491 |                           | ].n.}u{o[l].n.}}               | ].N}u{X}}$          
0492 |                           | .n.}u{o[l].n.}}                | .N}u{X}}$           
0493 |                           | n.}u{o[l].n.}}                 | N}u{X}}$            
0494 | N->n.N                    | n.}u{o[l].n.}}                 | N}u{X}}$            
0494 | SAVESTATE: 0051           |                                |
0494 |                           | n.}u{o[l].n.}}                 | n.N}u{X}}$          
0495 |                           | .}u{o[l].n.}}                  | .N}u{X}}$           
0496 |                           | }u{o[l].n.}}                   | N}u{X}}$            
0497 | TNS_NORULECHAIN/NS_NORULE |                                |
0497 | RESSTATE                  |                                |
0497 |                           | n.}u{o[l].n.}}                 | N}u{X}}$            
0498 | N->n.                     | n.}u{o[l].n.}}                 | N}u{X}}$            
0498 | SAVESTATE: 0051           |                                |
0498 |                           | n.}u{o[l].n.}}                 | n.}u{X}}$           
0499 |                           | .}u{o[l].n.}}                  | .}u{X}}$            
0500 |                           | }u{o[l].n.}}                   | }u{X}}$             
0501 |                           | u{o[l].n.}}                    | u{X}}$              
0502 |                           | {o[l].n.}}                     | {X}}$               
0503 |                           | o[l].n.}}                      | X}}$                
0504 | X->o[I].N                 | o[l].n.}}                      | X}}$                
0504 | SAVESTATE: 0052           |                                |
0504 |                           | o[l].n.}}                      | o[I].N}}$           
0505 |                           | [l].n.}}                       | [I].N}}$            
0506 |                           | l].n.}}                        | I].N}}$             
0507 | I->l                      | l].n.}}                        | I].N}}$             
0507 | SAVESTATE: 0053           |                                |
0507 |                           | l].n.}}                        | l].N}}$             
0508 |                           | ].n.}}                         | ].N}}$              
0509 |                           | .n.}}                          | .N}}$               
0510 |                           | n.}}                           | N}}$                
0511 | N->n.N                    | n.}}                           | N}}$                
0511 | SAVESTATE: 0054           |                                |
0511 |                           | n.}}                           | n.N}}$              
0512 |                           | .}}                            | .N}}$               
0513 |                           | }}                             | N}}$                
0514 | TNS_NORULECHAIN/NS_NORULE |                                |
0514 | RESSTATE                  |                                |
0514 |                           | n.}}                           | N}}$                
0515 | N->n.                     | n.}}                           | N}}$                
0515 | SAVESTATE: 0054           |                                |
0515 |                           | n.}}                           | n.}}$               
0516 |                           | .}}                            | .}}$                
0517 |                           | }}                             | }}$                 
0518 |                           | }                              | }$                  
0519 |                           |                                | $                   
0520 | LENTA_END                 |                                |
0521 | ------>LENTA_END          |                                |
-----------------------------------------------------------------------------------------
0000 | Kоличество символов на ленте: 135. Синтаксический анализ выполнен успешно!

---------------------------------- ДЕРЕВО РАЗБОРА ---------------------------------------
0000 | S->ftiFBS           
0003 | F->[P]              
0004 | P->ti&P             
0007 | P->ti               
0010 | B->{Nr[I].}         
0011 | N->vti=E.N          
0015 | E->l                
0017 | N->vti=E.N          
0021 | E->~K               
0022 | K->[W]              
0023 | W->i                
0026 | N->vti.N            
0030 | N->i=E.N            
0032 | E->(E)M             
0033 | E->iM               
0034 | M->sE               
0035 | E->i                
0037 | M->sE               
0038 | E->iM               
0039 | M->sE               
0040 | E->i                
0042 | N->o[I].N           
0044 | I->i                
0047 | N->n.               
0051 | I->i                
0055 | S->g{N}             
0057 | N->vti=E.N          
0061 | E->l                
0063 | N->vti=E.N          
0067 | E->l                
0069 | N->vti=E.N          
0073 | E->iK               
0074 | K->[W]              
0075 | W->l&W              
0077 | W->l                
0080 | N->vti=E.N          
0084 | E->l                
0086 | N->vti=E.N          
0090 | E->l                
0092 | N->vti=E.N          
0096 | E->l                
0098 | N->vti=E.N          
0102 | E->^K               
0103 | K->[W]              
0104 | W->i&W              
0106 | W->i                
0109 | N->c[R]{X}u{X}      
0111 | R->ibl              
0116 | X->o[I].N           
0118 | I->l                
0121 | N->n.               
0126 | X->o[I].N           
0128 | I->l                
0131 | N->n.               
-----------------------------------------------------------------------------------------
     | Польская запись построена успешно.
-----------------------------------------------------------------------------------------
